[2022-03-24 22:42:00,444] {taskinstance.py:876} INFO - Dependencies all met for <TaskInstance: xcom_dag.training_model_B 2022-03-24T22:39:24.464369+00:00 [queued]>
[2022-03-24 22:42:00,475] {taskinstance.py:876} INFO - Dependencies all met for <TaskInstance: xcom_dag.training_model_B 2022-03-24T22:39:24.464369+00:00 [queued]>
[2022-03-24 22:42:00,475] {taskinstance.py:1067} INFO - 
--------------------------------------------------------------------------------
[2022-03-24 22:42:00,476] {taskinstance.py:1068} INFO - Starting attempt 1 of 1
[2022-03-24 22:42:00,476] {taskinstance.py:1069} INFO - 
--------------------------------------------------------------------------------
[2022-03-24 22:42:00,488] {taskinstance.py:1087} INFO - Executing <Task(PythonOperator): training_model_B> on 2022-03-24T22:39:24.464369+00:00
[2022-03-24 22:42:00,490] {standard_task_runner.py:52} INFO - Started process 5749 to run task
[2022-03-24 22:42:00,504] {standard_task_runner.py:76} INFO - Running: ['airflow', 'tasks', 'run', 'xcom_dag', 'training_model_B', '2022-03-24T22:39:24.464369+00:00', '--job-id', '11', '--pool', 'default_pool', '--raw', '--subdir', 'DAGS_FOLDER/xcom_dag.py', '--cfg-path', '/tmp/tmpisc213ol', '--error-file', '/tmp/tmptl8z9otu']
[2022-03-24 22:42:00,505] {standard_task_runner.py:77} INFO - Job 11: Subtask training_model_B
[2022-03-24 22:42:00,551] {logging_mixin.py:104} INFO - Running <TaskInstance: xcom_dag.training_model_B 2022-03-24T22:39:24.464369+00:00 [running]> on host ip-172-31-44-46.us-east-2.compute.internal
[2022-03-24 22:42:00,581] {taskinstance.py:1282} INFO - Exporting the following env vars:
AIRFLOW_CTX_DAG_OWNER=airflow
AIRFLOW_CTX_DAG_ID=xcom_dag
AIRFLOW_CTX_TASK_ID=training_model_B
AIRFLOW_CTX_EXECUTION_DATE=2022-03-24T22:39:24.464369+00:00
AIRFLOW_CTX_DAG_RUN_ID=manual__2022-03-24T22:39:24.464369+00:00
[2022-03-24 22:42:00,582] {logging_mixin.py:104} INFO - model's accuracy: 5.5179406234164885
[2022-03-24 22:42:00,582] {python.py:151} INFO - Done. Returned value was: None
[2022-03-24 22:42:00,585] {taskinstance.py:1191} INFO - Marking task as SUCCESS. dag_id=xcom_dag, task_id=training_model_B, execution_date=20220324T223924, start_date=20220324T224200, end_date=20220324T224200
[2022-03-24 22:42:00,603] {taskinstance.py:1245} INFO - 0 downstream tasks scheduled from follow-on schedule check
[2022-03-24 22:42:00,631] {local_task_job.py:151} INFO - Task exited with return code 0
