[2022-03-24 22:45:20,964] {taskinstance.py:876} INFO - Dependencies all met for <TaskInstance: xcom_dag.training_model_C 2022-03-24T22:45:11.890507+00:00 [queued]>
[2022-03-24 22:45:20,971] {taskinstance.py:876} INFO - Dependencies all met for <TaskInstance: xcom_dag.training_model_C 2022-03-24T22:45:11.890507+00:00 [queued]>
[2022-03-24 22:45:20,971] {taskinstance.py:1067} INFO - 
--------------------------------------------------------------------------------
[2022-03-24 22:45:20,971] {taskinstance.py:1068} INFO - Starting attempt 1 of 1
[2022-03-24 22:45:20,971] {taskinstance.py:1069} INFO - 
--------------------------------------------------------------------------------
[2022-03-24 22:45:20,982] {taskinstance.py:1087} INFO - Executing <Task(PythonOperator): training_model_C> on 2022-03-24T22:45:11.890507+00:00
[2022-03-24 22:45:20,984] {standard_task_runner.py:52} INFO - Started process 6548 to run task
[2022-03-24 22:45:20,994] {standard_task_runner.py:76} INFO - Running: ['airflow', 'tasks', 'run', 'xcom_dag', 'training_model_C', '2022-03-24T22:45:11.890507+00:00', '--job-id', '22', '--pool', 'default_pool', '--raw', '--subdir', 'DAGS_FOLDER/xcom_dag.py', '--cfg-path', '/tmp/tmpcs1dup_s', '--error-file', '/tmp/tmpankd9p8p']
[2022-03-24 22:45:20,995] {standard_task_runner.py:77} INFO - Job 22: Subtask training_model_C
[2022-03-24 22:45:21,039] {logging_mixin.py:104} INFO - Running <TaskInstance: xcom_dag.training_model_C 2022-03-24T22:45:11.890507+00:00 [running]> on host ip-172-31-44-46.us-east-2.compute.internal
[2022-03-24 22:45:21,112] {taskinstance.py:1282} INFO - Exporting the following env vars:
AIRFLOW_CTX_DAG_OWNER=airflow
AIRFLOW_CTX_DAG_ID=xcom_dag
AIRFLOW_CTX_TASK_ID=training_model_C
AIRFLOW_CTX_EXECUTION_DATE=2022-03-24T22:45:11.890507+00:00
AIRFLOW_CTX_DAG_RUN_ID=manual__2022-03-24T22:45:11.890507+00:00
[2022-03-24 22:45:21,112] {logging_mixin.py:104} INFO - model's accuracy: 4.1536539604042515
[2022-03-24 22:45:21,113] {python.py:151} INFO - Done. Returned value was: None
[2022-03-24 22:45:21,124] {taskinstance.py:1191} INFO - Marking task as SUCCESS. dag_id=xcom_dag, task_id=training_model_C, execution_date=20220324T224511, start_date=20220324T224520, end_date=20220324T224521
[2022-03-24 22:45:21,174] {taskinstance.py:1245} INFO - 1 downstream tasks scheduled from follow-on schedule check
[2022-03-24 22:45:21,206] {local_task_job.py:151} INFO - Task exited with return code 0
