[2022-03-24 22:45:13,496] {taskinstance.py:876} INFO - Dependencies all met for <TaskInstance: xcom_dag.downloading_data 2022-03-24T22:45:11.890507+00:00 [queued]>
[2022-03-24 22:45:13,502] {taskinstance.py:876} INFO - Dependencies all met for <TaskInstance: xcom_dag.downloading_data 2022-03-24T22:45:11.890507+00:00 [queued]>
[2022-03-24 22:45:13,502] {taskinstance.py:1067} INFO - 
--------------------------------------------------------------------------------
[2022-03-24 22:45:13,502] {taskinstance.py:1068} INFO - Starting attempt 1 of 1
[2022-03-24 22:45:13,502] {taskinstance.py:1069} INFO - 
--------------------------------------------------------------------------------
[2022-03-24 22:45:13,512] {taskinstance.py:1087} INFO - Executing <Task(BashOperator): downloading_data> on 2022-03-24T22:45:11.890507+00:00
[2022-03-24 22:45:13,514] {standard_task_runner.py:52} INFO - Started process 6449 to run task
[2022-03-24 22:45:13,517] {standard_task_runner.py:76} INFO - Running: ['airflow', 'tasks', 'run', 'xcom_dag', 'downloading_data', '2022-03-24T22:45:11.890507+00:00', '--job-id', '19', '--pool', 'default_pool', '--raw', '--subdir', 'DAGS_FOLDER/xcom_dag.py', '--cfg-path', '/tmp/tmp5u82td4x', '--error-file', '/tmp/tmpxr8k07y9']
[2022-03-24 22:45:13,518] {standard_task_runner.py:77} INFO - Job 19: Subtask downloading_data
[2022-03-24 22:45:13,542] {logging_mixin.py:104} INFO - Running <TaskInstance: xcom_dag.downloading_data 2022-03-24T22:45:11.890507+00:00 [running]> on host ip-172-31-44-46.us-east-2.compute.internal
[2022-03-24 22:45:13,572] {taskinstance.py:1282} INFO - Exporting the following env vars:
AIRFLOW_CTX_DAG_OWNER=airflow
AIRFLOW_CTX_DAG_ID=xcom_dag
AIRFLOW_CTX_TASK_ID=downloading_data
AIRFLOW_CTX_EXECUTION_DATE=2022-03-24T22:45:11.890507+00:00
AIRFLOW_CTX_DAG_RUN_ID=manual__2022-03-24T22:45:11.890507+00:00
[2022-03-24 22:45:13,573] {subprocess.py:52} INFO - Tmp dir root location: 
 /tmp
[2022-03-24 22:45:13,573] {subprocess.py:63} INFO - Running command: ['bash', '-c', 'sleep 3']
[2022-03-24 22:45:13,577] {subprocess.py:75} INFO - Output:
[2022-03-24 22:45:16,579] {subprocess.py:83} INFO - Command exited with return code 0
[2022-03-24 22:45:16,595] {taskinstance.py:1191} INFO - Marking task as SUCCESS. dag_id=xcom_dag, task_id=downloading_data, execution_date=20220324T224511, start_date=20220324T224513, end_date=20220324T224516
[2022-03-24 22:45:16,618] {taskinstance.py:1245} INFO - 3 downstream tasks scheduled from follow-on schedule check
[2022-03-24 22:45:16,622] {local_task_job.py:151} INFO - Task exited with return code 0
