[2022-03-24 22:41:57,426] {taskinstance.py:876} INFO - Dependencies all met for <TaskInstance: xcom_dag.training_model_C 2022-03-23T00:00:00+00:00 [queued]>
[2022-03-24 22:41:57,441] {taskinstance.py:876} INFO - Dependencies all met for <TaskInstance: xcom_dag.training_model_C 2022-03-23T00:00:00+00:00 [queued]>
[2022-03-24 22:41:57,441] {taskinstance.py:1067} INFO - 
--------------------------------------------------------------------------------
[2022-03-24 22:41:57,441] {taskinstance.py:1068} INFO - Starting attempt 1 of 1
[2022-03-24 22:41:57,441] {taskinstance.py:1069} INFO - 
--------------------------------------------------------------------------------
[2022-03-24 22:41:57,463] {taskinstance.py:1087} INFO - Executing <Task(PythonOperator): training_model_C> on 2022-03-23T00:00:00+00:00
[2022-03-24 22:41:57,465] {standard_task_runner.py:52} INFO - Started process 5719 to run task
[2022-03-24 22:41:57,495] {standard_task_runner.py:76} INFO - Running: ['airflow', 'tasks', 'run', 'xcom_dag', 'training_model_C', '2022-03-23T00:00:00+00:00', '--job-id', '9', '--pool', 'default_pool', '--raw', '--subdir', 'DAGS_FOLDER/xcom_dag.py', '--cfg-path', '/tmp/tmpg_52k7jv', '--error-file', '/tmp/tmps0885mr6']
[2022-03-24 22:41:57,500] {standard_task_runner.py:77} INFO - Job 9: Subtask training_model_C
[2022-03-24 22:41:57,549] {logging_mixin.py:104} INFO - Running <TaskInstance: xcom_dag.training_model_C 2022-03-23T00:00:00+00:00 [running]> on host ip-172-31-44-46.us-east-2.compute.internal
[2022-03-24 22:41:57,583] {taskinstance.py:1282} INFO - Exporting the following env vars:
AIRFLOW_CTX_DAG_OWNER=airflow
AIRFLOW_CTX_DAG_ID=xcom_dag
AIRFLOW_CTX_TASK_ID=training_model_C
AIRFLOW_CTX_EXECUTION_DATE=2022-03-23T00:00:00+00:00
AIRFLOW_CTX_DAG_RUN_ID=scheduled__2022-03-23T00:00:00+00:00
[2022-03-24 22:41:57,583] {logging_mixin.py:104} INFO - model's accuracy: 1.0194585372943221
[2022-03-24 22:41:57,584] {python.py:151} INFO - Done. Returned value was: None
[2022-03-24 22:41:57,587] {taskinstance.py:1191} INFO - Marking task as SUCCESS. dag_id=xcom_dag, task_id=training_model_C, execution_date=20220323T000000, start_date=20220324T224157, end_date=20220324T224157
[2022-03-24 22:41:57,607] {taskinstance.py:1245} INFO - 1 downstream tasks scheduled from follow-on schedule check
[2022-03-24 22:41:57,612] {local_task_job.py:151} INFO - Task exited with return code 0
