[2022-03-24 22:45:19,177] {taskinstance.py:876} INFO - Dependencies all met for <TaskInstance: xcom_dag.training_model_B 2022-03-24T22:45:11.890507+00:00 [queued]>
[2022-03-24 22:45:19,191] {taskinstance.py:876} INFO - Dependencies all met for <TaskInstance: xcom_dag.training_model_B 2022-03-24T22:45:11.890507+00:00 [queued]>
[2022-03-24 22:45:19,191] {taskinstance.py:1067} INFO - 
--------------------------------------------------------------------------------
[2022-03-24 22:45:19,191] {taskinstance.py:1068} INFO - Starting attempt 1 of 1
[2022-03-24 22:45:19,192] {taskinstance.py:1069} INFO - 
--------------------------------------------------------------------------------
[2022-03-24 22:45:19,202] {taskinstance.py:1087} INFO - Executing <Task(PythonOperator): training_model_B> on 2022-03-24T22:45:11.890507+00:00
[2022-03-24 22:45:19,204] {standard_task_runner.py:52} INFO - Started process 6534 to run task
[2022-03-24 22:45:19,210] {standard_task_runner.py:76} INFO - Running: ['airflow', 'tasks', 'run', 'xcom_dag', 'training_model_B', '2022-03-24T22:45:11.890507+00:00', '--job-id', '21', '--pool', 'default_pool', '--raw', '--subdir', 'DAGS_FOLDER/xcom_dag.py', '--cfg-path', '/tmp/tmpbd26bbwm', '--error-file', '/tmp/tmplii92lbb']
[2022-03-24 22:45:19,210] {standard_task_runner.py:77} INFO - Job 21: Subtask training_model_B
[2022-03-24 22:45:19,246] {logging_mixin.py:104} INFO - Running <TaskInstance: xcom_dag.training_model_B 2022-03-24T22:45:11.890507+00:00 [running]> on host ip-172-31-44-46.us-east-2.compute.internal
[2022-03-24 22:45:19,290] {taskinstance.py:1282} INFO - Exporting the following env vars:
AIRFLOW_CTX_DAG_OWNER=airflow
AIRFLOW_CTX_DAG_ID=xcom_dag
AIRFLOW_CTX_TASK_ID=training_model_B
AIRFLOW_CTX_EXECUTION_DATE=2022-03-24T22:45:11.890507+00:00
AIRFLOW_CTX_DAG_RUN_ID=manual__2022-03-24T22:45:11.890507+00:00
[2022-03-24 22:45:19,291] {logging_mixin.py:104} INFO - model's accuracy: 3.3797488286017687
[2022-03-24 22:45:19,291] {python.py:151} INFO - Done. Returned value was: None
[2022-03-24 22:45:19,294] {taskinstance.py:1191} INFO - Marking task as SUCCESS. dag_id=xcom_dag, task_id=training_model_B, execution_date=20220324T224511, start_date=20220324T224519, end_date=20220324T224519
[2022-03-24 22:45:19,318] {taskinstance.py:1245} INFO - 0 downstream tasks scheduled from follow-on schedule check
[2022-03-24 22:45:19,341] {local_task_job.py:151} INFO - Task exited with return code 0
