[2022-03-24 22:41:45,814] {taskinstance.py:876} INFO - Dependencies all met for <TaskInstance: xcom_dag.downloading_data 2022-03-24T22:39:24.464369+00:00 [queued]>
[2022-03-24 22:41:45,820] {taskinstance.py:876} INFO - Dependencies all met for <TaskInstance: xcom_dag.downloading_data 2022-03-24T22:39:24.464369+00:00 [queued]>
[2022-03-24 22:41:45,820] {taskinstance.py:1067} INFO - 
--------------------------------------------------------------------------------
[2022-03-24 22:41:45,820] {taskinstance.py:1068} INFO - Starting attempt 1 of 1
[2022-03-24 22:41:45,820] {taskinstance.py:1069} INFO - 
--------------------------------------------------------------------------------
[2022-03-24 22:41:45,830] {taskinstance.py:1087} INFO - Executing <Task(BashOperator): downloading_data> on 2022-03-24T22:39:24.464369+00:00
[2022-03-24 22:41:45,831] {standard_task_runner.py:52} INFO - Started process 5580 to run task
[2022-03-24 22:41:45,835] {standard_task_runner.py:76} INFO - Running: ['airflow', 'tasks', 'run', 'xcom_dag', 'downloading_data', '2022-03-24T22:39:24.464369+00:00', '--job-id', '5', '--pool', 'default_pool', '--raw', '--subdir', 'DAGS_FOLDER/xcom_dag.py', '--cfg-path', '/tmp/tmpz5o0l6rm', '--error-file', '/tmp/tmpmw2fl_sm']
[2022-03-24 22:41:45,836] {standard_task_runner.py:77} INFO - Job 5: Subtask downloading_data
[2022-03-24 22:41:45,861] {logging_mixin.py:104} INFO - Running <TaskInstance: xcom_dag.downloading_data 2022-03-24T22:39:24.464369+00:00 [running]> on host ip-172-31-44-46.us-east-2.compute.internal
[2022-03-24 22:41:45,891] {taskinstance.py:1282} INFO - Exporting the following env vars:
AIRFLOW_CTX_DAG_OWNER=airflow
AIRFLOW_CTX_DAG_ID=xcom_dag
AIRFLOW_CTX_TASK_ID=downloading_data
AIRFLOW_CTX_EXECUTION_DATE=2022-03-24T22:39:24.464369+00:00
AIRFLOW_CTX_DAG_RUN_ID=manual__2022-03-24T22:39:24.464369+00:00
[2022-03-24 22:41:45,892] {subprocess.py:52} INFO - Tmp dir root location: 
 /tmp
[2022-03-24 22:41:45,892] {subprocess.py:63} INFO - Running command: ['bash', '-c', 'sleep 3']
[2022-03-24 22:41:45,896] {subprocess.py:75} INFO - Output:
[2022-03-24 22:41:48,898] {subprocess.py:83} INFO - Command exited with return code 0
[2022-03-24 22:41:48,913] {taskinstance.py:1191} INFO - Marking task as SUCCESS. dag_id=xcom_dag, task_id=downloading_data, execution_date=20220324T223924, start_date=20220324T224145, end_date=20220324T224148
[2022-03-24 22:41:48,934] {taskinstance.py:1245} INFO - 3 downstream tasks scheduled from follow-on schedule check
[2022-03-24 22:41:48,939] {local_task_job.py:151} INFO - Task exited with return code 0
