[2022-03-25 00:00:11,682] {taskinstance.py:876} INFO - Dependencies all met for <TaskInstance: xcom_dag.choose_model 2022-03-24T00:00:00+00:00 [queued]>
[2022-03-25 00:00:11,689] {taskinstance.py:876} INFO - Dependencies all met for <TaskInstance: xcom_dag.choose_model 2022-03-24T00:00:00+00:00 [queued]>
[2022-03-25 00:00:11,689] {taskinstance.py:1067} INFO - 
--------------------------------------------------------------------------------
[2022-03-25 00:00:11,689] {taskinstance.py:1068} INFO - Starting attempt 1 of 1
[2022-03-25 00:00:11,690] {taskinstance.py:1069} INFO - 
--------------------------------------------------------------------------------
[2022-03-25 00:00:11,705] {taskinstance.py:1087} INFO - Executing <Task(PythonOperator): choose_model> on 2022-03-24T00:00:00+00:00
[2022-03-25 00:00:11,707] {standard_task_runner.py:52} INFO - Started process 9066 to run task
[2022-03-25 00:00:11,713] {standard_task_runner.py:76} INFO - Running: ['airflow', 'tasks', 'run', 'xcom_dag', 'choose_model', '2022-03-24T00:00:00+00:00', '--job-id', '33', '--pool', 'default_pool', '--raw', '--subdir', 'DAGS_FOLDER/xcom_dag.py', '--cfg-path', '/tmp/tmp4mubvfyj', '--error-file', '/tmp/tmpzm9f_fbg']
[2022-03-25 00:00:11,714] {standard_task_runner.py:77} INFO - Job 33: Subtask choose_model
[2022-03-25 00:00:11,741] {logging_mixin.py:104} INFO - Running <TaskInstance: xcom_dag.choose_model 2022-03-24T00:00:00+00:00 [running]> on host ip-172-31-44-46.us-east-2.compute.internal
[2022-03-25 00:00:11,772] {taskinstance.py:1282} INFO - Exporting the following env vars:
AIRFLOW_CTX_DAG_OWNER=airflow
AIRFLOW_CTX_DAG_ID=xcom_dag
AIRFLOW_CTX_TASK_ID=choose_model
AIRFLOW_CTX_EXECUTION_DATE=2022-03-24T00:00:00+00:00
AIRFLOW_CTX_DAG_RUN_ID=scheduled__2022-03-24T00:00:00+00:00
[2022-03-25 00:00:11,772] {logging_mixin.py:104} INFO - choose best model
[2022-03-25 00:00:11,772] {python.py:151} INFO - Done. Returned value was: None
[2022-03-25 00:00:11,775] {taskinstance.py:1191} INFO - Marking task as SUCCESS. dag_id=xcom_dag, task_id=choose_model, execution_date=20220324T000000, start_date=20220325T000011, end_date=20220325T000011
[2022-03-25 00:00:11,792] {taskinstance.py:1245} INFO - 0 downstream tasks scheduled from follow-on schedule check
[2022-03-25 00:00:11,802] {local_task_job.py:151} INFO - Task exited with return code 0
