[2022-03-24 22:48:35,215] {taskinstance.py:876} INFO - Dependencies all met for <TaskInstance: xcom_dag.choose_model 2022-03-24T22:48:24.945754+00:00 [queued]>
[2022-03-24 22:48:35,228] {taskinstance.py:876} INFO - Dependencies all met for <TaskInstance: xcom_dag.choose_model 2022-03-24T22:48:24.945754+00:00 [queued]>
[2022-03-24 22:48:35,230] {taskinstance.py:1067} INFO - 
--------------------------------------------------------------------------------
[2022-03-24 22:48:35,230] {taskinstance.py:1068} INFO - Starting attempt 1 of 1
[2022-03-24 22:48:35,230] {taskinstance.py:1069} INFO - 
--------------------------------------------------------------------------------
[2022-03-24 22:48:35,243] {taskinstance.py:1087} INFO - Executing <Task(PythonOperator): choose_model> on 2022-03-24T22:48:24.945754+00:00
[2022-03-24 22:48:35,245] {standard_task_runner.py:52} INFO - Started process 7188 to run task
[2022-03-24 22:48:35,251] {standard_task_runner.py:76} INFO - Running: ['airflow', 'tasks', 'run', 'xcom_dag', 'choose_model', '2022-03-24T22:48:24.945754+00:00', '--job-id', '28', '--pool', 'default_pool', '--raw', '--subdir', 'DAGS_FOLDER/xcom_dag.py', '--cfg-path', '/tmp/tmpr8_vzccq', '--error-file', '/tmp/tmpv9wn27mm']
[2022-03-24 22:48:35,252] {standard_task_runner.py:77} INFO - Job 28: Subtask choose_model
[2022-03-24 22:48:35,289] {logging_mixin.py:104} INFO - Running <TaskInstance: xcom_dag.choose_model 2022-03-24T22:48:24.945754+00:00 [running]> on host ip-172-31-44-46.us-east-2.compute.internal
[2022-03-24 22:48:35,319] {taskinstance.py:1282} INFO - Exporting the following env vars:
AIRFLOW_CTX_DAG_OWNER=airflow
AIRFLOW_CTX_DAG_ID=xcom_dag
AIRFLOW_CTX_TASK_ID=choose_model
AIRFLOW_CTX_EXECUTION_DATE=2022-03-24T22:48:24.945754+00:00
AIRFLOW_CTX_DAG_RUN_ID=manual__2022-03-24T22:48:24.945754+00:00
[2022-03-24 22:48:35,320] {logging_mixin.py:104} INFO - choose best model
[2022-03-24 22:48:35,320] {python.py:151} INFO - Done. Returned value was: None
[2022-03-24 22:48:35,328] {taskinstance.py:1191} INFO - Marking task as SUCCESS. dag_id=xcom_dag, task_id=choose_model, execution_date=20220324T224824, start_date=20220324T224835, end_date=20220324T224835
[2022-03-24 22:48:35,343] {taskinstance.py:1245} INFO - 0 downstream tasks scheduled from follow-on schedule check
[2022-03-24 22:48:35,380] {local_task_job.py:151} INFO - Task exited with return code 0
