[2022-03-24 22:48:26,264] {taskinstance.py:876} INFO - Dependencies all met for <TaskInstance: xcom_dag.downloading_data 2022-03-24T22:48:24.945754+00:00 [queued]>
[2022-03-24 22:48:26,270] {taskinstance.py:876} INFO - Dependencies all met for <TaskInstance: xcom_dag.downloading_data 2022-03-24T22:48:24.945754+00:00 [queued]>
[2022-03-24 22:48:26,270] {taskinstance.py:1067} INFO - 
--------------------------------------------------------------------------------
[2022-03-24 22:48:26,270] {taskinstance.py:1068} INFO - Starting attempt 1 of 1
[2022-03-24 22:48:26,270] {taskinstance.py:1069} INFO - 
--------------------------------------------------------------------------------
[2022-03-24 22:48:26,279] {taskinstance.py:1087} INFO - Executing <Task(BashOperator): downloading_data> on 2022-03-24T22:48:24.945754+00:00
[2022-03-24 22:48:26,281] {standard_task_runner.py:52} INFO - Started process 7070 to run task
[2022-03-24 22:48:26,284] {standard_task_runner.py:76} INFO - Running: ['airflow', 'tasks', 'run', 'xcom_dag', 'downloading_data', '2022-03-24T22:48:24.945754+00:00', '--job-id', '24', '--pool', 'default_pool', '--raw', '--subdir', 'DAGS_FOLDER/xcom_dag.py', '--cfg-path', '/tmp/tmpdlgp9u_3', '--error-file', '/tmp/tmpey_eyr_j']
[2022-03-24 22:48:26,285] {standard_task_runner.py:77} INFO - Job 24: Subtask downloading_data
[2022-03-24 22:48:26,310] {logging_mixin.py:104} INFO - Running <TaskInstance: xcom_dag.downloading_data 2022-03-24T22:48:24.945754+00:00 [running]> on host ip-172-31-44-46.us-east-2.compute.internal
[2022-03-24 22:48:26,345] {taskinstance.py:1282} INFO - Exporting the following env vars:
AIRFLOW_CTX_DAG_OWNER=airflow
AIRFLOW_CTX_DAG_ID=xcom_dag
AIRFLOW_CTX_TASK_ID=downloading_data
AIRFLOW_CTX_EXECUTION_DATE=2022-03-24T22:48:24.945754+00:00
AIRFLOW_CTX_DAG_RUN_ID=manual__2022-03-24T22:48:24.945754+00:00
[2022-03-24 22:48:26,345] {subprocess.py:52} INFO - Tmp dir root location: 
 /tmp
[2022-03-24 22:48:26,346] {subprocess.py:63} INFO - Running command: ['bash', '-c', 'sleep 3']
[2022-03-24 22:48:26,350] {subprocess.py:75} INFO - Output:
[2022-03-24 22:48:29,351] {subprocess.py:83} INFO - Command exited with return code 0
[2022-03-24 22:48:29,366] {taskinstance.py:1191} INFO - Marking task as SUCCESS. dag_id=xcom_dag, task_id=downloading_data, execution_date=20220324T224824, start_date=20220324T224826, end_date=20220324T224829
[2022-03-24 22:48:29,387] {taskinstance.py:1245} INFO - 3 downstream tasks scheduled from follow-on schedule check
[2022-03-24 22:48:29,429] {local_task_job.py:151} INFO - Task exited with return code 0
