[2022-03-24 22:42:08,242] {taskinstance.py:876} INFO - Dependencies all met for <TaskInstance: xcom_dag.choose_model 2022-03-24T22:39:24.464369+00:00 [queued]>
[2022-03-24 22:42:08,248] {taskinstance.py:876} INFO - Dependencies all met for <TaskInstance: xcom_dag.choose_model 2022-03-24T22:39:24.464369+00:00 [queued]>
[2022-03-24 22:42:08,249] {taskinstance.py:1067} INFO - 
--------------------------------------------------------------------------------
[2022-03-24 22:42:08,249] {taskinstance.py:1068} INFO - Starting attempt 1 of 1
[2022-03-24 22:42:08,249] {taskinstance.py:1069} INFO - 
--------------------------------------------------------------------------------
[2022-03-24 22:42:08,260] {taskinstance.py:1087} INFO - Executing <Task(PythonOperator): choose_model> on 2022-03-24T22:39:24.464369+00:00
[2022-03-24 22:42:08,262] {standard_task_runner.py:52} INFO - Started process 5856 to run task
[2022-03-24 22:42:08,268] {standard_task_runner.py:76} INFO - Running: ['airflow', 'tasks', 'run', 'xcom_dag', 'choose_model', '2022-03-24T22:39:24.464369+00:00', '--job-id', '17', '--pool', 'default_pool', '--raw', '--subdir', 'DAGS_FOLDER/xcom_dag.py', '--cfg-path', '/tmp/tmp4z_yb744', '--error-file', '/tmp/tmpguz0cwxe']
[2022-03-24 22:42:08,268] {standard_task_runner.py:77} INFO - Job 17: Subtask choose_model
[2022-03-24 22:42:08,293] {logging_mixin.py:104} INFO - Running <TaskInstance: xcom_dag.choose_model 2022-03-24T22:39:24.464369+00:00 [running]> on host ip-172-31-44-46.us-east-2.compute.internal
[2022-03-24 22:42:08,322] {taskinstance.py:1282} INFO - Exporting the following env vars:
AIRFLOW_CTX_DAG_OWNER=airflow
AIRFLOW_CTX_DAG_ID=xcom_dag
AIRFLOW_CTX_TASK_ID=choose_model
AIRFLOW_CTX_EXECUTION_DATE=2022-03-24T22:39:24.464369+00:00
AIRFLOW_CTX_DAG_RUN_ID=manual__2022-03-24T22:39:24.464369+00:00
[2022-03-24 22:42:08,323] {logging_mixin.py:104} INFO - choose best model
[2022-03-24 22:42:08,323] {python.py:151} INFO - Done. Returned value was: None
[2022-03-24 22:42:08,326] {taskinstance.py:1191} INFO - Marking task as SUCCESS. dag_id=xcom_dag, task_id=choose_model, execution_date=20220324T223924, start_date=20220324T224208, end_date=20220324T224208
[2022-03-24 22:42:08,340] {taskinstance.py:1245} INFO - 0 downstream tasks scheduled from follow-on schedule check
[2022-03-24 22:42:08,357] {local_task_job.py:151} INFO - Task exited with return code 0
