[2022-03-24 22:48:30,647] {taskinstance.py:876} INFO - Dependencies all met for <TaskInstance: xcom_dag.training_model_A 2022-03-24T22:48:24.945754+00:00 [queued]>
[2022-03-24 22:48:30,654] {taskinstance.py:876} INFO - Dependencies all met for <TaskInstance: xcom_dag.training_model_A 2022-03-24T22:48:24.945754+00:00 [queued]>
[2022-03-24 22:48:30,654] {taskinstance.py:1067} INFO - 
--------------------------------------------------------------------------------
[2022-03-24 22:48:30,654] {taskinstance.py:1068} INFO - Starting attempt 1 of 1
[2022-03-24 22:48:30,654] {taskinstance.py:1069} INFO - 
--------------------------------------------------------------------------------
[2022-03-24 22:48:30,664] {taskinstance.py:1087} INFO - Executing <Task(PythonOperator): training_model_A> on 2022-03-24T22:48:24.945754+00:00
[2022-03-24 22:48:30,666] {standard_task_runner.py:52} INFO - Started process 7127 to run task
[2022-03-24 22:48:30,669] {standard_task_runner.py:76} INFO - Running: ['airflow', 'tasks', 'run', 'xcom_dag', 'training_model_A', '2022-03-24T22:48:24.945754+00:00', '--job-id', '25', '--pool', 'default_pool', '--raw', '--subdir', 'DAGS_FOLDER/xcom_dag.py', '--cfg-path', '/tmp/tmp0h747g9p', '--error-file', '/tmp/tmpsdgjculn']
[2022-03-24 22:48:30,670] {standard_task_runner.py:77} INFO - Job 25: Subtask training_model_A
[2022-03-24 22:48:30,695] {logging_mixin.py:104} INFO - Running <TaskInstance: xcom_dag.training_model_A 2022-03-24T22:48:24.945754+00:00 [running]> on host ip-172-31-44-46.us-east-2.compute.internal
[2022-03-24 22:48:30,725] {taskinstance.py:1282} INFO - Exporting the following env vars:
AIRFLOW_CTX_DAG_OWNER=airflow
AIRFLOW_CTX_DAG_ID=xcom_dag
AIRFLOW_CTX_TASK_ID=training_model_A
AIRFLOW_CTX_EXECUTION_DATE=2022-03-24T22:48:24.945754+00:00
AIRFLOW_CTX_DAG_RUN_ID=manual__2022-03-24T22:48:24.945754+00:00
[2022-03-24 22:48:30,726] {python.py:151} INFO - Done. Returned value was: 9.235075333692444
[2022-03-24 22:48:30,737] {taskinstance.py:1191} INFO - Marking task as SUCCESS. dag_id=xcom_dag, task_id=training_model_A, execution_date=20220324T224824, start_date=20220324T224830, end_date=20220324T224830
[2022-03-24 22:48:30,755] {taskinstance.py:1245} INFO - 0 downstream tasks scheduled from follow-on schedule check
[2022-03-24 22:48:30,760] {local_task_job.py:151} INFO - Task exited with return code 0
