[2022-03-25 00:00:09,511] {taskinstance.py:876} INFO - Dependencies all met for <TaskInstance: xcom_dag.training_model_C 2022-03-24T00:00:00+00:00 [queued]>
[2022-03-25 00:00:09,519] {taskinstance.py:876} INFO - Dependencies all met for <TaskInstance: xcom_dag.training_model_C 2022-03-24T00:00:00+00:00 [queued]>
[2022-03-25 00:00:09,519] {taskinstance.py:1067} INFO - 
--------------------------------------------------------------------------------
[2022-03-25 00:00:09,519] {taskinstance.py:1068} INFO - Starting attempt 1 of 1
[2022-03-25 00:00:09,519] {taskinstance.py:1069} INFO - 
--------------------------------------------------------------------------------
[2022-03-25 00:00:09,529] {taskinstance.py:1087} INFO - Executing <Task(PythonOperator): training_model_C> on 2022-03-24T00:00:00+00:00
[2022-03-25 00:00:09,532] {standard_task_runner.py:52} INFO - Started process 9062 to run task
[2022-03-25 00:00:09,542] {standard_task_runner.py:76} INFO - Running: ['airflow', 'tasks', 'run', 'xcom_dag', 'training_model_C', '2022-03-24T00:00:00+00:00', '--job-id', '32', '--pool', 'default_pool', '--raw', '--subdir', 'DAGS_FOLDER/xcom_dag.py', '--cfg-path', '/tmp/tmpbzy0d25n', '--error-file', '/tmp/tmpnp5ae_xv']
[2022-03-25 00:00:09,542] {standard_task_runner.py:77} INFO - Job 32: Subtask training_model_C
[2022-03-25 00:00:09,572] {logging_mixin.py:104} INFO - Running <TaskInstance: xcom_dag.training_model_C 2022-03-24T00:00:00+00:00 [running]> on host ip-172-31-44-46.us-east-2.compute.internal
[2022-03-25 00:00:09,654] {taskinstance.py:1282} INFO - Exporting the following env vars:
AIRFLOW_CTX_DAG_OWNER=airflow
AIRFLOW_CTX_DAG_ID=xcom_dag
AIRFLOW_CTX_TASK_ID=training_model_C
AIRFLOW_CTX_EXECUTION_DATE=2022-03-24T00:00:00+00:00
AIRFLOW_CTX_DAG_RUN_ID=scheduled__2022-03-24T00:00:00+00:00
[2022-03-25 00:00:09,654] {python.py:151} INFO - Done. Returned value was: 4.395008411116426
[2022-03-25 00:00:09,674] {taskinstance.py:1191} INFO - Marking task as SUCCESS. dag_id=xcom_dag, task_id=training_model_C, execution_date=20220324T000000, start_date=20220325T000009, end_date=20220325T000009
[2022-03-25 00:00:09,715] {taskinstance.py:1245} INFO - 1 downstream tasks scheduled from follow-on schedule check
[2022-03-25 00:00:09,747] {local_task_job.py:151} INFO - Task exited with return code 0
