[2022-03-24 22:41:54,356] {taskinstance.py:876} INFO - Dependencies all met for <TaskInstance: xcom_dag.training_model_A 2022-03-23T00:00:00+00:00 [queued]>
[2022-03-24 22:41:54,362] {taskinstance.py:876} INFO - Dependencies all met for <TaskInstance: xcom_dag.training_model_A 2022-03-23T00:00:00+00:00 [queued]>
[2022-03-24 22:41:54,362] {taskinstance.py:1067} INFO - 
--------------------------------------------------------------------------------
[2022-03-24 22:41:54,363] {taskinstance.py:1068} INFO - Starting attempt 1 of 1
[2022-03-24 22:41:54,363] {taskinstance.py:1069} INFO - 
--------------------------------------------------------------------------------
[2022-03-24 22:41:54,371] {taskinstance.py:1087} INFO - Executing <Task(PythonOperator): training_model_A> on 2022-03-23T00:00:00+00:00
[2022-03-24 22:41:54,373] {standard_task_runner.py:52} INFO - Started process 5674 to run task
[2022-03-24 22:41:54,376] {standard_task_runner.py:76} INFO - Running: ['airflow', 'tasks', 'run', 'xcom_dag', 'training_model_A', '2022-03-23T00:00:00+00:00', '--job-id', '7', '--pool', 'default_pool', '--raw', '--subdir', 'DAGS_FOLDER/xcom_dag.py', '--cfg-path', '/tmp/tmpxffsebo9', '--error-file', '/tmp/tmp5iqctehs']
[2022-03-24 22:41:54,377] {standard_task_runner.py:77} INFO - Job 7: Subtask training_model_A
[2022-03-24 22:41:54,404] {logging_mixin.py:104} INFO - Running <TaskInstance: xcom_dag.training_model_A 2022-03-23T00:00:00+00:00 [running]> on host ip-172-31-44-46.us-east-2.compute.internal
[2022-03-24 22:41:54,434] {taskinstance.py:1282} INFO - Exporting the following env vars:
AIRFLOW_CTX_DAG_OWNER=airflow
AIRFLOW_CTX_DAG_ID=xcom_dag
AIRFLOW_CTX_TASK_ID=training_model_A
AIRFLOW_CTX_EXECUTION_DATE=2022-03-23T00:00:00+00:00
AIRFLOW_CTX_DAG_RUN_ID=scheduled__2022-03-23T00:00:00+00:00
[2022-03-24 22:41:54,434] {logging_mixin.py:104} INFO - model's accuracy: 3.2405862960952136
[2022-03-24 22:41:54,434] {python.py:151} INFO - Done. Returned value was: None
[2022-03-24 22:41:54,437] {taskinstance.py:1191} INFO - Marking task as SUCCESS. dag_id=xcom_dag, task_id=training_model_A, execution_date=20220323T000000, start_date=20220324T224154, end_date=20220324T224154
[2022-03-24 22:41:54,455] {taskinstance.py:1245} INFO - 0 downstream tasks scheduled from follow-on schedule check
[2022-03-24 22:41:54,467] {local_task_job.py:151} INFO - Task exited with return code 0
